<?xml version="1.0" encoding="UTF-8"?>
<Site BuildName="(empty)"
	BuildStamp="20241006-0343-Experimental"
	Name="phat-Legion-5-15ACH6"
	Generator="ctest-3.16.3"
	CompilerName="/usr/bin/c++"
	CompilerVersion="9.4.0"
	OSName="Linux"
	Hostname="phat-Legion-5-15ACH6"
	OSRelease="5.15.0-122-generic"
	OSVersion="#132~20.04.1-Ubuntu SMP Fri Aug 30 15:50:07 UTC 2024"
	OSPlatform="x86_64"
	Is64Bits="1"
	VendorString="AuthenticAMD"
	VendorID="Advanced Micro Devices"
	FamilyID="25"
	ModelID="80"
	ProcessorCacheSize="512"
	NumberOfLogicalCPU="12"
	NumberOfPhysicalCPU="6"
	TotalVirtualMemory="1392"
	TotalPhysicalMemory="13822"
	LogicalProcessorsPerPhysical="2"
	ProcessorClockFrequency="1200"
	>
	<Testing>
		<StartDateTime>Oct 06 10:43 +07</StartDateTime>
		<StartTestTime>1728186185</StartTestTime>
		<TestList>
			<Test>./copyright</Test>
			<Test>./lint_cmake</Test>
			<Test>./xmllint</Test>
		</TestList>
		<Test Status="passed">
			<Name>copyright</Name>
			<Path>.</Path>
			<FullName>./copyright</FullName>
			<FullCommandLine>/usr/bin/python3 "-u" "/opt/ros/foxy/share/ament_cmake_test/cmake/run_test.py" "/home/phat/testpublicsher/build/test_gazebo/test_results/test_gazebo/copyright.xunit.xml" "--package-name" "test_gazebo" "--output-file" "/home/phat/testpublicsher/build/test_gazebo/ament_copyright/copyright.txt" "--command" "/opt/ros/foxy/bin/ament_copyright" "--xunit-file" "/home/phat/testpublicsher/build/test_gazebo/test_results/test_gazebo/copyright.xunit.xml"</FullCommandLine>
			<Results>
				<NamedMeasurement type="numeric/double" name="Execution Time">
					<Value>0.218047</Value>
				</NamedMeasurement>
				<NamedMeasurement type="numeric/double" name="Processors">
					<Value>1</Value>
				</NamedMeasurement>
				<NamedMeasurement type="text/string" name="Completion Status">
					<Value>Completed</Value>
				</NamedMeasurement>
				<NamedMeasurement type="text/string" name="Command Line">
					<Value>/usr/bin/python3 "-u" "/opt/ros/foxy/share/ament_cmake_test/cmake/run_test.py" "/home/phat/testpublicsher/build/test_gazebo/test_results/test_gazebo/copyright.xunit.xml" "--package-name" "test_gazebo" "--output-file" "/home/phat/testpublicsher/build/test_gazebo/ament_copyright/copyright.txt" "--command" "/opt/ros/foxy/bin/ament_copyright" "--xunit-file" "/home/phat/testpublicsher/build/test_gazebo/test_results/test_gazebo/copyright.xunit.xml"</Value>
				</NamedMeasurement>
				<Measurement>
					<Value>-- run_test.py: invoking following command in '/home/phat/testpublicsher/src/test_gazebo':
 - /opt/ros/foxy/bin/ament_copyright --xunit-file /home/phat/testpublicsher/build/test_gazebo/test_results/test_gazebo/copyright.xunit.xml
No repository roots and files found
No problems found, checked 0 files
-- run_test.py: return code 0
-- run_test.py: verify result file '/home/phat/testpublicsher/build/test_gazebo/test_results/test_gazebo/copyright.xunit.xml'
</Value>
				</Measurement>
			</Results>
			<Labels>
				<Label>copyright</Label>
				<Label>linter</Label>
			</Labels>
		</Test>
		<Test Status="passed">
			<Name>lint_cmake</Name>
			<Path>.</Path>
			<FullName>./lint_cmake</FullName>
			<FullCommandLine>/usr/bin/python3 "-u" "/opt/ros/foxy/share/ament_cmake_test/cmake/run_test.py" "/home/phat/testpublicsher/build/test_gazebo/test_results/test_gazebo/lint_cmake.xunit.xml" "--package-name" "test_gazebo" "--output-file" "/home/phat/testpublicsher/build/test_gazebo/ament_lint_cmake/lint_cmake.txt" "--command" "/opt/ros/foxy/bin/ament_lint_cmake" "--xunit-file" "/home/phat/testpublicsher/build/test_gazebo/test_results/test_gazebo/lint_cmake.xunit.xml"</FullCommandLine>
			<Results>
				<NamedMeasurement type="numeric/double" name="Execution Time">
					<Value>0.204117</Value>
				</NamedMeasurement>
				<NamedMeasurement type="numeric/double" name="Processors">
					<Value>1</Value>
				</NamedMeasurement>
				<NamedMeasurement type="text/string" name="Completion Status">
					<Value>Completed</Value>
				</NamedMeasurement>
				<NamedMeasurement type="text/string" name="Command Line">
					<Value>/usr/bin/python3 "-u" "/opt/ros/foxy/share/ament_cmake_test/cmake/run_test.py" "/home/phat/testpublicsher/build/test_gazebo/test_results/test_gazebo/lint_cmake.xunit.xml" "--package-name" "test_gazebo" "--output-file" "/home/phat/testpublicsher/build/test_gazebo/ament_lint_cmake/lint_cmake.txt" "--command" "/opt/ros/foxy/bin/ament_lint_cmake" "--xunit-file" "/home/phat/testpublicsher/build/test_gazebo/test_results/test_gazebo/lint_cmake.xunit.xml"</Value>
				</NamedMeasurement>
				<Measurement>
					<Value>-- run_test.py: invoking following command in '/home/phat/testpublicsher/src/test_gazebo':
 - /opt/ros/foxy/bin/ament_lint_cmake --xunit-file /home/phat/testpublicsher/build/test_gazebo/test_results/test_gazebo/lint_cmake.xunit.xml

No problems found
-- run_test.py: return code 0
-- run_test.py: verify result file '/home/phat/testpublicsher/build/test_gazebo/test_results/test_gazebo/lint_cmake.xunit.xml'
</Value>
				</Measurement>
			</Results>
			<Labels>
				<Label>lint_cmake</Label>
				<Label>linter</Label>
			</Labels>
		</Test>
		<Test Status="failed">
			<Name>xmllint</Name>
			<Path>.</Path>
			<FullName>./xmllint</FullName>
			<FullCommandLine>/usr/bin/python3 "-u" "/opt/ros/foxy/share/ament_cmake_test/cmake/run_test.py" "/home/phat/testpublicsher/build/test_gazebo/test_results/test_gazebo/xmllint.xunit.xml" "--package-name" "test_gazebo" "--output-file" "/home/phat/testpublicsher/build/test_gazebo/ament_xmllint/xmllint.txt" "--command" "/opt/ros/foxy/bin/ament_xmllint" "--xunit-file" "/home/phat/testpublicsher/build/test_gazebo/test_results/test_gazebo/xmllint.xunit.xml"</FullCommandLine>
			<Results>
				<NamedMeasurement type="text/string" name="Exit Code">
					<Value>Timeout</Value>
				</NamedMeasurement>
				<NamedMeasurement type="text/string" name="Exit Value">
					<Value>0</Value>
				</NamedMeasurement>
				<NamedMeasurement type="numeric/double" name="Execution Time">
					<Value>60.0794</Value>
				</NamedMeasurement>
				<NamedMeasurement type="numeric/double" name="Processors">
					<Value>1</Value>
				</NamedMeasurement>
				<NamedMeasurement type="text/string" name="Completion Status">
					<Value>Completed</Value>
				</NamedMeasurement>
				<NamedMeasurement type="text/string" name="Command Line">
					<Value>/usr/bin/python3 "-u" "/opt/ros/foxy/share/ament_cmake_test/cmake/run_test.py" "/home/phat/testpublicsher/build/test_gazebo/test_results/test_gazebo/xmllint.xunit.xml" "--package-name" "test_gazebo" "--output-file" "/home/phat/testpublicsher/build/test_gazebo/ament_xmllint/xmllint.txt" "--command" "/opt/ros/foxy/bin/ament_xmllint" "--xunit-file" "/home/phat/testpublicsher/build/test_gazebo/test_results/test_gazebo/xmllint.xunit.xml"</Value>
				</NamedMeasurement>
				<Measurement>
					<Value>-- run_test.py: invoking following command in '/home/phat/testpublicsher/src/test_gazebo':
 - /opt/ros/foxy/bin/ament_xmllint --xunit-file /home/phat/testpublicsher/build/test_gazebo/test_results/test_gazebo/xmllint.xunit.xml
</Value>
				</Measurement>
			</Results>
			<Labels>
				<Label>linter</Label>
				<Label>xmllint</Label>
			</Labels>
		</Test>
		<EndDateTime>Oct 06 10:44 +07</EndDateTime>
		<EndTestTime>1728186246</EndTestTime>
		<ElapsedMinutes>1</ElapsedMinutes>
	</Testing>
</Site>
