<?xml version="1.0" encoding="UTF-8"?>
<Site BuildName="(empty)"
	BuildStamp="20241006-0343-Experimental"
	Name="phat-Legion-5-15ACH6"
	Generator="ctest-3.16.3"
	CompilerName="/usr/bin/c++"
	CompilerVersion="9.4.0"
	OSName="Linux"
	Hostname="phat-Legion-5-15ACH6"
	OSRelease="5.15.0-122-generic"
	OSVersion="#132~20.04.1-Ubuntu SMP Fri Aug 30 15:50:07 UTC 2024"
	OSPlatform="x86_64"
	Is64Bits="1"
	VendorString="AuthenticAMD"
	VendorID="Advanced Micro Devices"
	FamilyID="25"
	ModelID="80"
	ProcessorCacheSize="512"
	NumberOfLogicalCPU="12"
	NumberOfPhysicalCPU="6"
	TotalVirtualMemory="1392"
	TotalPhysicalMemory="13822"
	LogicalProcessorsPerPhysical="2"
	ProcessorClockFrequency="3514.61"
	>
	<Testing>
		<StartDateTime>Oct 06 10:43 +07</StartDateTime>
		<StartTestTime>1728186185</StartTestTime>
		<TestList>
			<Test>./copyright</Test>
			<Test>./cppcheck</Test>
			<Test>./cpplint</Test>
			<Test>./flake8</Test>
			<Test>./lint_cmake</Test>
			<Test>./pep257</Test>
			<Test>./uncrustify</Test>
			<Test>./xmllint</Test>
		</TestList>
		<Test Status="failed">
			<Name>copyright</Name>
			<Path>.</Path>
			<FullName>./copyright</FullName>
			<FullCommandLine>/usr/bin/python3 "-u" "/opt/ros/foxy/share/ament_cmake_test/cmake/run_test.py" "/home/phat/testpublicsher/build/cpp_pub/test_results/cpp_pub/copyright.xunit.xml" "--package-name" "cpp_pub" "--output-file" "/home/phat/testpublicsher/build/cpp_pub/ament_copyright/copyright.txt" "--command" "/opt/ros/foxy/bin/ament_copyright" "--xunit-file" "/home/phat/testpublicsher/build/cpp_pub/test_results/cpp_pub/copyright.xunit.xml"</FullCommandLine>
			<Results>
				<NamedMeasurement type="text/string" name="Exit Code">
					<Value>Failed</Value>
				</NamedMeasurement>
				<NamedMeasurement type="text/string" name="Exit Value">
					<Value>1</Value>
				</NamedMeasurement>
				<NamedMeasurement type="numeric/double" name="Execution Time">
					<Value>0.220944</Value>
				</NamedMeasurement>
				<NamedMeasurement type="numeric/double" name="Processors">
					<Value>1</Value>
				</NamedMeasurement>
				<NamedMeasurement type="text/string" name="Completion Status">
					<Value>Completed</Value>
				</NamedMeasurement>
				<NamedMeasurement type="text/string" name="Command Line">
					<Value>/usr/bin/python3 "-u" "/opt/ros/foxy/share/ament_cmake_test/cmake/run_test.py" "/home/phat/testpublicsher/build/cpp_pub/test_results/cpp_pub/copyright.xunit.xml" "--package-name" "cpp_pub" "--output-file" "/home/phat/testpublicsher/build/cpp_pub/ament_copyright/copyright.txt" "--command" "/opt/ros/foxy/bin/ament_copyright" "--xunit-file" "/home/phat/testpublicsher/build/cpp_pub/test_results/cpp_pub/copyright.xunit.xml"</Value>
				</NamedMeasurement>
				<Measurement>
					<Value>-- run_test.py: invoking following command in '/home/phat/testpublicsher/src/cpp_pub':
 - /opt/ros/foxy/bin/ament_copyright --xunit-file /home/phat/testpublicsher/build/cpp_pub/test_results/cpp_pub/copyright.xunit.xml
install/_local_setup_util_ps1.py: copyright=Dirk Thomas (2016-2019), license=&lt;unknown&gt;
install/_local_setup_util_sh.py: copyright=Dirk Thomas (2016-2019), license=&lt;unknown&gt;
2 errors, checked 4 files
-- run_test.py: return code 1
-- run_test.py: verify result file '/home/phat/testpublicsher/build/cpp_pub/test_results/cpp_pub/copyright.xunit.xml'
</Value>
				</Measurement>
			</Results>
			<Labels>
				<Label>copyright</Label>
				<Label>linter</Label>
			</Labels>
		</Test>
		<Test Status="passed">
			<Name>cppcheck</Name>
			<Path>.</Path>
			<FullName>./cppcheck</FullName>
			<FullCommandLine>/usr/bin/python3 "-u" "/opt/ros/foxy/share/ament_cmake_test/cmake/run_test.py" "/home/phat/testpublicsher/build/cpp_pub/test_results/cpp_pub/cppcheck.xunit.xml" "--package-name" "cpp_pub" "--output-file" "/home/phat/testpublicsher/build/cpp_pub/ament_cppcheck/cppcheck.txt" "--command" "/opt/ros/foxy/bin/ament_cppcheck" "--xunit-file" "/home/phat/testpublicsher/build/cpp_pub/test_results/cpp_pub/cppcheck.xunit.xml"</FullCommandLine>
			<Results>
				<NamedMeasurement type="numeric/double" name="Execution Time">
					<Value>0.234175</Value>
				</NamedMeasurement>
				<NamedMeasurement type="numeric/double" name="Processors">
					<Value>1</Value>
				</NamedMeasurement>
				<NamedMeasurement type="text/string" name="Completion Status">
					<Value>Completed</Value>
				</NamedMeasurement>
				<NamedMeasurement type="text/string" name="Command Line">
					<Value>/usr/bin/python3 "-u" "/opt/ros/foxy/share/ament_cmake_test/cmake/run_test.py" "/home/phat/testpublicsher/build/cpp_pub/test_results/cpp_pub/cppcheck.xunit.xml" "--package-name" "cpp_pub" "--output-file" "/home/phat/testpublicsher/build/cpp_pub/ament_cppcheck/cppcheck.txt" "--command" "/opt/ros/foxy/bin/ament_cppcheck" "--xunit-file" "/home/phat/testpublicsher/build/cpp_pub/test_results/cpp_pub/cppcheck.xunit.xml"</Value>
				</NamedMeasurement>
				<Measurement>
					<Value>-- run_test.py: invoking following command in '/home/phat/testpublicsher/src/cpp_pub':
 - /opt/ros/foxy/bin/ament_cppcheck --xunit-file /home/phat/testpublicsher/build/cpp_pub/test_results/cpp_pub/cppcheck.xunit.xml
No problems found
-- run_test.py: return code 0
-- run_test.py: verify result file '/home/phat/testpublicsher/build/cpp_pub/test_results/cpp_pub/cppcheck.xunit.xml'
</Value>
				</Measurement>
			</Results>
			<Labels>
				<Label>cppcheck</Label>
				<Label>linter</Label>
			</Labels>
		</Test>
		<Test Status="passed">
			<Name>cpplint</Name>
			<Path>.</Path>
			<FullName>./cpplint</FullName>
			<FullCommandLine>/usr/bin/python3 "-u" "/opt/ros/foxy/share/ament_cmake_test/cmake/run_test.py" "/home/phat/testpublicsher/build/cpp_pub/test_results/cpp_pub/cpplint.xunit.xml" "--package-name" "cpp_pub" "--output-file" "/home/phat/testpublicsher/build/cpp_pub/ament_cpplint/cpplint.txt" "--command" "/opt/ros/foxy/bin/ament_cpplint" "--xunit-file" "/home/phat/testpublicsher/build/cpp_pub/test_results/cpp_pub/cpplint.xunit.xml"</FullCommandLine>
			<Results>
				<NamedMeasurement type="numeric/double" name="Execution Time">
					<Value>0.241769</Value>
				</NamedMeasurement>
				<NamedMeasurement type="numeric/double" name="Processors">
					<Value>1</Value>
				</NamedMeasurement>
				<NamedMeasurement type="text/string" name="Completion Status">
					<Value>Completed</Value>
				</NamedMeasurement>
				<NamedMeasurement type="text/string" name="Command Line">
					<Value>/usr/bin/python3 "-u" "/opt/ros/foxy/share/ament_cmake_test/cmake/run_test.py" "/home/phat/testpublicsher/build/cpp_pub/test_results/cpp_pub/cpplint.xunit.xml" "--package-name" "cpp_pub" "--output-file" "/home/phat/testpublicsher/build/cpp_pub/ament_cpplint/cpplint.txt" "--command" "/opt/ros/foxy/bin/ament_cpplint" "--xunit-file" "/home/phat/testpublicsher/build/cpp_pub/test_results/cpp_pub/cpplint.xunit.xml"</Value>
				</NamedMeasurement>
				<Measurement>
					<Value>-- run_test.py: invoking following command in '/home/phat/testpublicsher/src/cpp_pub':
 - /opt/ros/foxy/bin/ament_cpplint --xunit-file /home/phat/testpublicsher/build/cpp_pub/test_results/cpp_pub/cpplint.xunit.xml
Using '--root=/home/phat/testpublicsher/src/cpp_pub/src' argument

Done processing /home/phat/testpublicsher/src/cpp_pub/src/publisher_member_function.cpp

Done processing /home/phat/testpublicsher/src/cpp_pub/src/subscriber_member_function.cpp

No problems found
-- run_test.py: return code 0
-- run_test.py: verify result file '/home/phat/testpublicsher/build/cpp_pub/test_results/cpp_pub/cpplint.xunit.xml'
</Value>
				</Measurement>
			</Results>
			<Labels>
				<Label>cpplint</Label>
				<Label>linter</Label>
			</Labels>
		</Test>
		<Test Status="failed">
			<Name>flake8</Name>
			<Path>.</Path>
			<FullName>./flake8</FullName>
			<FullCommandLine>/usr/bin/python3 "-u" "/opt/ros/foxy/share/ament_cmake_test/cmake/run_test.py" "/home/phat/testpublicsher/build/cpp_pub/test_results/cpp_pub/flake8.xunit.xml" "--package-name" "cpp_pub" "--output-file" "/home/phat/testpublicsher/build/cpp_pub/ament_flake8/flake8.txt" "--command" "/opt/ros/foxy/bin/ament_flake8" "--xunit-file" "/home/phat/testpublicsher/build/cpp_pub/test_results/cpp_pub/flake8.xunit.xml"</FullCommandLine>
			<Results>
				<NamedMeasurement type="text/string" name="Exit Code">
					<Value>Failed</Value>
				</NamedMeasurement>
				<NamedMeasurement type="text/string" name="Exit Value">
					<Value>1</Value>
				</NamedMeasurement>
				<NamedMeasurement type="numeric/double" name="Execution Time">
					<Value>0.358185</Value>
				</NamedMeasurement>
				<NamedMeasurement type="numeric/double" name="Processors">
					<Value>1</Value>
				</NamedMeasurement>
				<NamedMeasurement type="text/string" name="Completion Status">
					<Value>Completed</Value>
				</NamedMeasurement>
				<NamedMeasurement type="text/string" name="Command Line">
					<Value>/usr/bin/python3 "-u" "/opt/ros/foxy/share/ament_cmake_test/cmake/run_test.py" "/home/phat/testpublicsher/build/cpp_pub/test_results/cpp_pub/flake8.xunit.xml" "--package-name" "cpp_pub" "--output-file" "/home/phat/testpublicsher/build/cpp_pub/ament_flake8/flake8.txt" "--command" "/opt/ros/foxy/bin/ament_flake8" "--xunit-file" "/home/phat/testpublicsher/build/cpp_pub/test_results/cpp_pub/flake8.xunit.xml"</Value>
				</NamedMeasurement>
				<Measurement>
					<Value>-- run_test.py: invoking following command in '/home/phat/testpublicsher/src/cpp_pub':
 - /opt/ros/foxy/bin/ament_flake8 --xunit-file /home/phat/testpublicsher/build/cpp_pub/test_results/cpp_pub/flake8.xunit.xml

./install/_local_setup_util_sh.py:14:100: E501 line too long (109 &gt; 99 characters)
FORMAT_STR_INVOKE_SCRIPT = 'COLCON_CURRENT_PREFIX="{prefix}" _colcon_prefix_sh_source_script "{script_path}"'
                                                                                                   ^

./install/_local_setup_util_sh.py:15:100: E501 line too long (124 &gt; 99 characters)
FORMAT_STR_REMOVE_LEADING_SEPARATOR = 'if [ "$(echo -n ${name} | head -c 1)" = ":" ]; then export {name}=${{{name}#?}} ; fi'
                                                                                                   ^

./install/_local_setup_util_sh.py:16:100: E501 line too long (125 &gt; 99 characters)
FORMAT_STR_REMOVE_TRAILING_SEPARATOR = 'if [ "$(echo -n ${name} | tail -c 1)" = ":" ]; then export {name}=${{{name}%?}} ; fi'
                                                                                                   ^

3     E501 line too long (109 &gt; 99 characters)

2 files checked
3 errors

'E'-type errors: 3

Checked files:

* ./install/_local_setup_util_sh.py
* ./install/_local_setup_util_ps1.py
-- run_test.py: return code 1
-- run_test.py: verify result file '/home/phat/testpublicsher/build/cpp_pub/test_results/cpp_pub/flake8.xunit.xml'
</Value>
				</Measurement>
			</Results>
			<Labels>
				<Label>flake8</Label>
				<Label>linter</Label>
			</Labels>
		</Test>
		<Test Status="passed">
			<Name>lint_cmake</Name>
			<Path>.</Path>
			<FullName>./lint_cmake</FullName>
			<FullCommandLine>/usr/bin/python3 "-u" "/opt/ros/foxy/share/ament_cmake_test/cmake/run_test.py" "/home/phat/testpublicsher/build/cpp_pub/test_results/cpp_pub/lint_cmake.xunit.xml" "--package-name" "cpp_pub" "--output-file" "/home/phat/testpublicsher/build/cpp_pub/ament_lint_cmake/lint_cmake.txt" "--command" "/opt/ros/foxy/bin/ament_lint_cmake" "--xunit-file" "/home/phat/testpublicsher/build/cpp_pub/test_results/cpp_pub/lint_cmake.xunit.xml"</FullCommandLine>
			<Results>
				<NamedMeasurement type="numeric/double" name="Execution Time">
					<Value>0.199475</Value>
				</NamedMeasurement>
				<NamedMeasurement type="numeric/double" name="Processors">
					<Value>1</Value>
				</NamedMeasurement>
				<NamedMeasurement type="text/string" name="Completion Status">
					<Value>Completed</Value>
				</NamedMeasurement>
				<NamedMeasurement type="text/string" name="Command Line">
					<Value>/usr/bin/python3 "-u" "/opt/ros/foxy/share/ament_cmake_test/cmake/run_test.py" "/home/phat/testpublicsher/build/cpp_pub/test_results/cpp_pub/lint_cmake.xunit.xml" "--package-name" "cpp_pub" "--output-file" "/home/phat/testpublicsher/build/cpp_pub/ament_lint_cmake/lint_cmake.txt" "--command" "/opt/ros/foxy/bin/ament_lint_cmake" "--xunit-file" "/home/phat/testpublicsher/build/cpp_pub/test_results/cpp_pub/lint_cmake.xunit.xml"</Value>
				</NamedMeasurement>
				<Measurement>
					<Value>-- run_test.py: invoking following command in '/home/phat/testpublicsher/src/cpp_pub':
 - /opt/ros/foxy/bin/ament_lint_cmake --xunit-file /home/phat/testpublicsher/build/cpp_pub/test_results/cpp_pub/lint_cmake.xunit.xml

No problems found
-- run_test.py: return code 0
-- run_test.py: verify result file '/home/phat/testpublicsher/build/cpp_pub/test_results/cpp_pub/lint_cmake.xunit.xml'
</Value>
				</Measurement>
			</Results>
			<Labels>
				<Label>lint_cmake</Label>
				<Label>linter</Label>
			</Labels>
		</Test>
		<Test Status="passed">
			<Name>pep257</Name>
			<Path>.</Path>
			<FullName>./pep257</FullName>
			<FullCommandLine>/usr/bin/python3 "-u" "/opt/ros/foxy/share/ament_cmake_test/cmake/run_test.py" "/home/phat/testpublicsher/build/cpp_pub/test_results/cpp_pub/pep257.xunit.xml" "--package-name" "cpp_pub" "--output-file" "/home/phat/testpublicsher/build/cpp_pub/ament_pep257/pep257.txt" "--command" "/opt/ros/foxy/bin/ament_pep257" "--xunit-file" "/home/phat/testpublicsher/build/cpp_pub/test_results/cpp_pub/pep257.xunit.xml"</FullCommandLine>
			<Results>
				<NamedMeasurement type="numeric/double" name="Execution Time">
					<Value>0.27681</Value>
				</NamedMeasurement>
				<NamedMeasurement type="numeric/double" name="Processors">
					<Value>1</Value>
				</NamedMeasurement>
				<NamedMeasurement type="text/string" name="Completion Status">
					<Value>Completed</Value>
				</NamedMeasurement>
				<NamedMeasurement type="text/string" name="Command Line">
					<Value>/usr/bin/python3 "-u" "/opt/ros/foxy/share/ament_cmake_test/cmake/run_test.py" "/home/phat/testpublicsher/build/cpp_pub/test_results/cpp_pub/pep257.xunit.xml" "--package-name" "cpp_pub" "--output-file" "/home/phat/testpublicsher/build/cpp_pub/ament_pep257/pep257.txt" "--command" "/opt/ros/foxy/bin/ament_pep257" "--xunit-file" "/home/phat/testpublicsher/build/cpp_pub/test_results/cpp_pub/pep257.xunit.xml"</Value>
				</NamedMeasurement>
				<Measurement>
					<Value>-- run_test.py: invoking following command in '/home/phat/testpublicsher/src/cpp_pub':
 - /opt/ros/foxy/bin/ament_pep257 --xunit-file /home/phat/testpublicsher/build/cpp_pub/test_results/cpp_pub/pep257.xunit.xml
checking ./install/_local_setup_util_ps1.py
checking ./install/_local_setup_util_sh.py
No problems found
-- run_test.py: return code 0
-- run_test.py: verify result file '/home/phat/testpublicsher/build/cpp_pub/test_results/cpp_pub/pep257.xunit.xml'
</Value>
				</Measurement>
			</Results>
			<Labels>
				<Label>linter</Label>
				<Label>pep257</Label>
			</Labels>
		</Test>
		<Test Status="passed">
			<Name>uncrustify</Name>
			<Path>.</Path>
			<FullName>./uncrustify</FullName>
			<FullCommandLine>/usr/bin/python3 "-u" "/opt/ros/foxy/share/ament_cmake_test/cmake/run_test.py" "/home/phat/testpublicsher/build/cpp_pub/test_results/cpp_pub/uncrustify.xunit.xml" "--package-name" "cpp_pub" "--output-file" "/home/phat/testpublicsher/build/cpp_pub/ament_uncrustify/uncrustify.txt" "--command" "/opt/ros/foxy/bin/ament_uncrustify" "--xunit-file" "/home/phat/testpublicsher/build/cpp_pub/test_results/cpp_pub/uncrustify.xunit.xml"</FullCommandLine>
			<Results>
				<NamedMeasurement type="numeric/double" name="Execution Time">
					<Value>0.2231</Value>
				</NamedMeasurement>
				<NamedMeasurement type="numeric/double" name="Processors">
					<Value>1</Value>
				</NamedMeasurement>
				<NamedMeasurement type="text/string" name="Completion Status">
					<Value>Completed</Value>
				</NamedMeasurement>
				<NamedMeasurement type="text/string" name="Command Line">
					<Value>/usr/bin/python3 "-u" "/opt/ros/foxy/share/ament_cmake_test/cmake/run_test.py" "/home/phat/testpublicsher/build/cpp_pub/test_results/cpp_pub/uncrustify.xunit.xml" "--package-name" "cpp_pub" "--output-file" "/home/phat/testpublicsher/build/cpp_pub/ament_uncrustify/uncrustify.txt" "--command" "/opt/ros/foxy/bin/ament_uncrustify" "--xunit-file" "/home/phat/testpublicsher/build/cpp_pub/test_results/cpp_pub/uncrustify.xunit.xml"</Value>
				</NamedMeasurement>
				<Measurement>
					<Value>-- run_test.py: invoking following command in '/home/phat/testpublicsher/src/cpp_pub':
 - /opt/ros/foxy/bin/ament_uncrustify --xunit-file /home/phat/testpublicsher/build/cpp_pub/test_results/cpp_pub/uncrustify.xunit.xml
No code style divergence in file 'src/publisher_member_function.cpp'

No code style divergence in file 'src/subscriber_member_function.cpp'

No problems found
-- run_test.py: return code 0
-- run_test.py: verify result file '/home/phat/testpublicsher/build/cpp_pub/test_results/cpp_pub/uncrustify.xunit.xml'
</Value>
				</Measurement>
			</Results>
			<Labels>
				<Label>linter</Label>
				<Label>uncrustify</Label>
			</Labels>
		</Test>
		<Test Status="failed">
			<Name>xmllint</Name>
			<Path>.</Path>
			<FullName>./xmllint</FullName>
			<FullCommandLine>/usr/bin/python3 "-u" "/opt/ros/foxy/share/ament_cmake_test/cmake/run_test.py" "/home/phat/testpublicsher/build/cpp_pub/test_results/cpp_pub/xmllint.xunit.xml" "--package-name" "cpp_pub" "--output-file" "/home/phat/testpublicsher/build/cpp_pub/ament_xmllint/xmllint.txt" "--command" "/opt/ros/foxy/bin/ament_xmllint" "--xunit-file" "/home/phat/testpublicsher/build/cpp_pub/test_results/cpp_pub/xmllint.xunit.xml"</FullCommandLine>
			<Results>
				<NamedMeasurement type="text/string" name="Exit Code">
					<Value>Timeout</Value>
				</NamedMeasurement>
				<NamedMeasurement type="text/string" name="Exit Value">
					<Value>0</Value>
				</NamedMeasurement>
				<NamedMeasurement type="numeric/double" name="Execution Time">
					<Value>60.072</Value>
				</NamedMeasurement>
				<NamedMeasurement type="numeric/double" name="Processors">
					<Value>1</Value>
				</NamedMeasurement>
				<NamedMeasurement type="text/string" name="Completion Status">
					<Value>Completed</Value>
				</NamedMeasurement>
				<NamedMeasurement type="text/string" name="Command Line">
					<Value>/usr/bin/python3 "-u" "/opt/ros/foxy/share/ament_cmake_test/cmake/run_test.py" "/home/phat/testpublicsher/build/cpp_pub/test_results/cpp_pub/xmllint.xunit.xml" "--package-name" "cpp_pub" "--output-file" "/home/phat/testpublicsher/build/cpp_pub/ament_xmllint/xmllint.txt" "--command" "/opt/ros/foxy/bin/ament_xmllint" "--xunit-file" "/home/phat/testpublicsher/build/cpp_pub/test_results/cpp_pub/xmllint.xunit.xml"</Value>
				</NamedMeasurement>
				<Measurement>
					<Value>-- run_test.py: invoking following command in '/home/phat/testpublicsher/src/cpp_pub':
 - /opt/ros/foxy/bin/ament_xmllint --xunit-file /home/phat/testpublicsher/build/cpp_pub/test_results/cpp_pub/xmllint.xunit.xml
</Value>
				</Measurement>
			</Results>
			<Labels>
				<Label>linter</Label>
				<Label>xmllint</Label>
			</Labels>
		</Test>
		<EndDateTime>Oct 06 10:44 +07</EndDateTime>
		<EndTestTime>1728186247</EndTestTime>
		<ElapsedMinutes>1</ElapsedMinutes>
	</Testing>
</Site>
