<?xml version="1.0" encoding="UTF-8"?>
<Site BuildName="(empty)"
	BuildStamp="20241006-0343-Experimental"
	Name="phat-Legion-5-15ACH6"
	Generator="ctest-3.16.3"
	CompilerName="/usr/bin/c++"
	CompilerVersion="9.4.0"
	OSName="Linux"
	Hostname="phat-Legion-5-15ACH6"
	OSRelease="5.15.0-122-generic"
	OSVersion="#132~20.04.1-Ubuntu SMP Fri Aug 30 15:50:07 UTC 2024"
	OSPlatform="x86_64"
	Is64Bits="1"
	VendorString="AuthenticAMD"
	VendorID="Advanced Micro Devices"
	FamilyID="25"
	ModelID="80"
	ProcessorCacheSize="512"
	NumberOfLogicalCPU="12"
	NumberOfPhysicalCPU="6"
	TotalVirtualMemory="1392"
	TotalPhysicalMemory="13822"
	LogicalProcessorsPerPhysical="2"
	ProcessorClockFrequency="3516.98"
	>
	<Testing>
		<StartDateTime>Oct 06 10:43 +07</StartDateTime>
		<StartTestTime>1728186185</StartTestTime>
		<TestList>
			<Test>./copyright</Test>
			<Test>./cppcheck</Test>
			<Test>./cpplint</Test>
			<Test>./lint_cmake</Test>
			<Test>./uncrustify</Test>
			<Test>./xmllint</Test>
		</TestList>
		<Test Status="failed">
			<Name>copyright</Name>
			<Path>.</Path>
			<FullName>./copyright</FullName>
			<FullCommandLine>/usr/bin/python3 "-u" "/opt/ros/foxy/share/ament_cmake_test/cmake/run_test.py" "/home/phat/testpublicsher/build/polygon_base/test_results/polygon_base/copyright.xunit.xml" "--package-name" "polygon_base" "--output-file" "/home/phat/testpublicsher/build/polygon_base/ament_copyright/copyright.txt" "--command" "/opt/ros/foxy/bin/ament_copyright" "--xunit-file" "/home/phat/testpublicsher/build/polygon_base/test_results/polygon_base/copyright.xunit.xml"</FullCommandLine>
			<Results>
				<NamedMeasurement type="text/string" name="Exit Code">
					<Value>Failed</Value>
				</NamedMeasurement>
				<NamedMeasurement type="text/string" name="Exit Value">
					<Value>1</Value>
				</NamedMeasurement>
				<NamedMeasurement type="numeric/double" name="Execution Time">
					<Value>0.221963</Value>
				</NamedMeasurement>
				<NamedMeasurement type="numeric/double" name="Processors">
					<Value>1</Value>
				</NamedMeasurement>
				<NamedMeasurement type="text/string" name="Completion Status">
					<Value>Completed</Value>
				</NamedMeasurement>
				<NamedMeasurement type="text/string" name="Command Line">
					<Value>/usr/bin/python3 "-u" "/opt/ros/foxy/share/ament_cmake_test/cmake/run_test.py" "/home/phat/testpublicsher/build/polygon_base/test_results/polygon_base/copyright.xunit.xml" "--package-name" "polygon_base" "--output-file" "/home/phat/testpublicsher/build/polygon_base/ament_copyright/copyright.txt" "--command" "/opt/ros/foxy/bin/ament_copyright" "--xunit-file" "/home/phat/testpublicsher/build/polygon_base/test_results/polygon_base/copyright.xunit.xml"</Value>
				</NamedMeasurement>
				<Measurement>
					<Value>-- run_test.py: invoking following command in '/home/phat/testpublicsher/src/polygon_base':
 - /opt/ros/foxy/bin/ament_copyright --xunit-file /home/phat/testpublicsher/build/polygon_base/test_results/polygon_base/copyright.xunit.xml
include/polygon_base/regular_polygon.hpp: could not find copyright notice
src/area_node.cpp: could not find copyright notice
2 errors, checked 2 files
-- run_test.py: return code 1
-- run_test.py: verify result file '/home/phat/testpublicsher/build/polygon_base/test_results/polygon_base/copyright.xunit.xml'
</Value>
				</Measurement>
			</Results>
			<Labels>
				<Label>copyright</Label>
				<Label>linter</Label>
			</Labels>
		</Test>
		<Test Status="passed">
			<Name>cppcheck</Name>
			<Path>.</Path>
			<FullName>./cppcheck</FullName>
			<FullCommandLine>/usr/bin/python3 "-u" "/opt/ros/foxy/share/ament_cmake_test/cmake/run_test.py" "/home/phat/testpublicsher/build/polygon_base/test_results/polygon_base/cppcheck.xunit.xml" "--package-name" "polygon_base" "--output-file" "/home/phat/testpublicsher/build/polygon_base/ament_cppcheck/cppcheck.txt" "--command" "/opt/ros/foxy/bin/ament_cppcheck" "--xunit-file" "/home/phat/testpublicsher/build/polygon_base/test_results/polygon_base/cppcheck.xunit.xml" "--include_dirs" "/home/phat/testpublicsher/src/polygon_base/include"</FullCommandLine>
			<Results>
				<NamedMeasurement type="numeric/double" name="Execution Time">
					<Value>0.232761</Value>
				</NamedMeasurement>
				<NamedMeasurement type="numeric/double" name="Processors">
					<Value>1</Value>
				</NamedMeasurement>
				<NamedMeasurement type="text/string" name="Completion Status">
					<Value>Completed</Value>
				</NamedMeasurement>
				<NamedMeasurement type="text/string" name="Command Line">
					<Value>/usr/bin/python3 "-u" "/opt/ros/foxy/share/ament_cmake_test/cmake/run_test.py" "/home/phat/testpublicsher/build/polygon_base/test_results/polygon_base/cppcheck.xunit.xml" "--package-name" "polygon_base" "--output-file" "/home/phat/testpublicsher/build/polygon_base/ament_cppcheck/cppcheck.txt" "--command" "/opt/ros/foxy/bin/ament_cppcheck" "--xunit-file" "/home/phat/testpublicsher/build/polygon_base/test_results/polygon_base/cppcheck.xunit.xml" "--include_dirs" "/home/phat/testpublicsher/src/polygon_base/include"</Value>
				</NamedMeasurement>
				<Measurement>
					<Value>-- run_test.py: invoking following command in '/home/phat/testpublicsher/src/polygon_base':
 - /opt/ros/foxy/bin/ament_cppcheck --xunit-file /home/phat/testpublicsher/build/polygon_base/test_results/polygon_base/cppcheck.xunit.xml --include_dirs /home/phat/testpublicsher/src/polygon_base/include
No problems found
-- run_test.py: return code 0
-- run_test.py: verify result file '/home/phat/testpublicsher/build/polygon_base/test_results/polygon_base/cppcheck.xunit.xml'
</Value>
				</Measurement>
			</Results>
			<Labels>
				<Label>cppcheck</Label>
				<Label>linter</Label>
			</Labels>
		</Test>
		<Test Status="failed">
			<Name>cpplint</Name>
			<Path>.</Path>
			<FullName>./cpplint</FullName>
			<FullCommandLine>/usr/bin/python3 "-u" "/opt/ros/foxy/share/ament_cmake_test/cmake/run_test.py" "/home/phat/testpublicsher/build/polygon_base/test_results/polygon_base/cpplint.xunit.xml" "--package-name" "polygon_base" "--output-file" "/home/phat/testpublicsher/build/polygon_base/ament_cpplint/cpplint.txt" "--command" "/opt/ros/foxy/bin/ament_cpplint" "--xunit-file" "/home/phat/testpublicsher/build/polygon_base/test_results/polygon_base/cpplint.xunit.xml"</FullCommandLine>
			<Results>
				<NamedMeasurement type="text/string" name="Exit Code">
					<Value>Failed</Value>
				</NamedMeasurement>
				<NamedMeasurement type="text/string" name="Exit Value">
					<Value>1</Value>
				</NamedMeasurement>
				<NamedMeasurement type="numeric/double" name="Execution Time">
					<Value>0.234846</Value>
				</NamedMeasurement>
				<NamedMeasurement type="numeric/double" name="Processors">
					<Value>1</Value>
				</NamedMeasurement>
				<NamedMeasurement type="text/string" name="Completion Status">
					<Value>Completed</Value>
				</NamedMeasurement>
				<NamedMeasurement type="text/string" name="Command Line">
					<Value>/usr/bin/python3 "-u" "/opt/ros/foxy/share/ament_cmake_test/cmake/run_test.py" "/home/phat/testpublicsher/build/polygon_base/test_results/polygon_base/cpplint.xunit.xml" "--package-name" "polygon_base" "--output-file" "/home/phat/testpublicsher/build/polygon_base/ament_cpplint/cpplint.txt" "--command" "/opt/ros/foxy/bin/ament_cpplint" "--xunit-file" "/home/phat/testpublicsher/build/polygon_base/test_results/polygon_base/cpplint.xunit.xml"</Value>
				</NamedMeasurement>
				<Measurement>
					<Value>-- run_test.py: invoking following command in '/home/phat/testpublicsher/src/polygon_base':
 - /opt/ros/foxy/bin/ament_cpplint --xunit-file /home/phat/testpublicsher/build/polygon_base/test_results/polygon_base/cpplint.xunit.xml
/home/phat/testpublicsher/src/polygon_base/include/polygon_base/regular_polygon.hpp:0:  No copyright message found.  You should have a line: "Copyright [year] &lt;Copyright Owner&gt;"  [legal/copyright] [5]
/home/phat/testpublicsher/src/polygon_base/include/polygon_base/regular_polygon.hpp:1:  #ifndef header guard has wrong style, please use: POLYGON_BASE__REGULAR_POLYGON_HPP_  [build/header_guard] [5]
/home/phat/testpublicsher/src/polygon_base/include/polygon_base/regular_polygon.hpp:18:  #endif line should be "#endif  // POLYGON_BASE__REGULAR_POLYGON_HPP_"  [build/header_guard] [5]
/home/phat/testpublicsher/src/polygon_base/include/polygon_base/regular_polygon.hpp:6:  Do not indent within a namespace  [runtime/indentation_namespace] [4]
/home/phat/testpublicsher/src/polygon_base/src/area_node.cpp:0:  No copyright message found.  You should have a line: "Copyright [year] &lt;Copyright Owner&gt;"  [legal/copyright] [5]
Category 'build/header_guard' errors found: 2
Category 'legal/copyright' errors found: 2
Category 'runtime/indentation_namespace' errors found: 1
Total errors found: 5
Using '--root=/home/phat/testpublicsher/src/polygon_base/include' argument

Done processing /home/phat/testpublicsher/src/polygon_base/include/polygon_base/regular_polygon.hpp

Using '--root=/home/phat/testpublicsher/src/polygon_base/src' argument

Done processing /home/phat/testpublicsher/src/polygon_base/src/area_node.cpp

-- run_test.py: return code 1
-- run_test.py: verify result file '/home/phat/testpublicsher/build/polygon_base/test_results/polygon_base/cpplint.xunit.xml'
</Value>
				</Measurement>
			</Results>
			<Labels>
				<Label>cpplint</Label>
				<Label>linter</Label>
			</Labels>
		</Test>
		<Test Status="passed">
			<Name>lint_cmake</Name>
			<Path>.</Path>
			<FullName>./lint_cmake</FullName>
			<FullCommandLine>/usr/bin/python3 "-u" "/opt/ros/foxy/share/ament_cmake_test/cmake/run_test.py" "/home/phat/testpublicsher/build/polygon_base/test_results/polygon_base/lint_cmake.xunit.xml" "--package-name" "polygon_base" "--output-file" "/home/phat/testpublicsher/build/polygon_base/ament_lint_cmake/lint_cmake.txt" "--command" "/opt/ros/foxy/bin/ament_lint_cmake" "--xunit-file" "/home/phat/testpublicsher/build/polygon_base/test_results/polygon_base/lint_cmake.xunit.xml"</FullCommandLine>
			<Results>
				<NamedMeasurement type="numeric/double" name="Execution Time">
					<Value>0.199054</Value>
				</NamedMeasurement>
				<NamedMeasurement type="numeric/double" name="Processors">
					<Value>1</Value>
				</NamedMeasurement>
				<NamedMeasurement type="text/string" name="Completion Status">
					<Value>Completed</Value>
				</NamedMeasurement>
				<NamedMeasurement type="text/string" name="Command Line">
					<Value>/usr/bin/python3 "-u" "/opt/ros/foxy/share/ament_cmake_test/cmake/run_test.py" "/home/phat/testpublicsher/build/polygon_base/test_results/polygon_base/lint_cmake.xunit.xml" "--package-name" "polygon_base" "--output-file" "/home/phat/testpublicsher/build/polygon_base/ament_lint_cmake/lint_cmake.txt" "--command" "/opt/ros/foxy/bin/ament_lint_cmake" "--xunit-file" "/home/phat/testpublicsher/build/polygon_base/test_results/polygon_base/lint_cmake.xunit.xml"</Value>
				</NamedMeasurement>
				<Measurement>
					<Value>-- run_test.py: invoking following command in '/home/phat/testpublicsher/src/polygon_base':
 - /opt/ros/foxy/bin/ament_lint_cmake --xunit-file /home/phat/testpublicsher/build/polygon_base/test_results/polygon_base/lint_cmake.xunit.xml

No problems found
-- run_test.py: return code 0
-- run_test.py: verify result file '/home/phat/testpublicsher/build/polygon_base/test_results/polygon_base/lint_cmake.xunit.xml'
</Value>
				</Measurement>
			</Results>
			<Labels>
				<Label>lint_cmake</Label>
				<Label>linter</Label>
			</Labels>
		</Test>
		<Test Status="failed">
			<Name>uncrustify</Name>
			<Path>.</Path>
			<FullName>./uncrustify</FullName>
			<FullCommandLine>/usr/bin/python3 "-u" "/opt/ros/foxy/share/ament_cmake_test/cmake/run_test.py" "/home/phat/testpublicsher/build/polygon_base/test_results/polygon_base/uncrustify.xunit.xml" "--package-name" "polygon_base" "--output-file" "/home/phat/testpublicsher/build/polygon_base/ament_uncrustify/uncrustify.txt" "--command" "/opt/ros/foxy/bin/ament_uncrustify" "--xunit-file" "/home/phat/testpublicsher/build/polygon_base/test_results/polygon_base/uncrustify.xunit.xml"</FullCommandLine>
			<Results>
				<NamedMeasurement type="text/string" name="Exit Code">
					<Value>Failed</Value>
				</NamedMeasurement>
				<NamedMeasurement type="text/string" name="Exit Value">
					<Value>1</Value>
				</NamedMeasurement>
				<NamedMeasurement type="numeric/double" name="Execution Time">
					<Value>0.221089</Value>
				</NamedMeasurement>
				<NamedMeasurement type="numeric/double" name="Processors">
					<Value>1</Value>
				</NamedMeasurement>
				<NamedMeasurement type="text/string" name="Completion Status">
					<Value>Completed</Value>
				</NamedMeasurement>
				<NamedMeasurement type="text/string" name="Command Line">
					<Value>/usr/bin/python3 "-u" "/opt/ros/foxy/share/ament_cmake_test/cmake/run_test.py" "/home/phat/testpublicsher/build/polygon_base/test_results/polygon_base/uncrustify.xunit.xml" "--package-name" "polygon_base" "--output-file" "/home/phat/testpublicsher/build/polygon_base/ament_uncrustify/uncrustify.txt" "--command" "/opt/ros/foxy/bin/ament_uncrustify" "--xunit-file" "/home/phat/testpublicsher/build/polygon_base/test_results/polygon_base/uncrustify.xunit.xml"</Value>
				</NamedMeasurement>
				<Measurement>
					<Value>-- run_test.py: invoking following command in '/home/phat/testpublicsher/src/polygon_base':
 - /opt/ros/foxy/bin/ament_uncrustify --xunit-file /home/phat/testpublicsher/build/polygon_base/test_results/polygon_base/uncrustify.xunit.xml
Code style divergence in file 'include/polygon_base/regular_polygon.hpp':

--- include/polygon_base/regular_polygon.hpp
+++ include/polygon_base/regular_polygon.hpp.uncrustify
@@ -6,6 +6,6 @@
-  class RegularPolygon
-  {
-    public:
-      virtual void initialize(double side_length) = 0;
-      virtual double area() = 0;
-      virtual ~RegularPolygon(){}
+class RegularPolygon
+{
+public:
+  virtual void initialize(double side_length) = 0;
+  virtual double area() = 0;
+  virtual ~RegularPolygon() {}
@@ -13,3 +13,3 @@
-    protected:
-      RegularPolygon(){}
-  };
+protected:
+  RegularPolygon() {}
+};

1 files with code style divergence
No code style divergence in file 'src/area_node.cpp'

-- run_test.py: return code 1
-- run_test.py: verify result file '/home/phat/testpublicsher/build/polygon_base/test_results/polygon_base/uncrustify.xunit.xml'
</Value>
				</Measurement>
			</Results>
			<Labels>
				<Label>linter</Label>
				<Label>uncrustify</Label>
			</Labels>
		</Test>
		<Test Status="failed">
			<Name>xmllint</Name>
			<Path>.</Path>
			<FullName>./xmllint</FullName>
			<FullCommandLine>/usr/bin/python3 "-u" "/opt/ros/foxy/share/ament_cmake_test/cmake/run_test.py" "/home/phat/testpublicsher/build/polygon_base/test_results/polygon_base/xmllint.xunit.xml" "--package-name" "polygon_base" "--output-file" "/home/phat/testpublicsher/build/polygon_base/ament_xmllint/xmllint.txt" "--command" "/opt/ros/foxy/bin/ament_xmllint" "--xunit-file" "/home/phat/testpublicsher/build/polygon_base/test_results/polygon_base/xmllint.xunit.xml"</FullCommandLine>
			<Results>
				<NamedMeasurement type="text/string" name="Exit Code">
					<Value>Timeout</Value>
				</NamedMeasurement>
				<NamedMeasurement type="text/string" name="Exit Value">
					<Value>0</Value>
				</NamedMeasurement>
				<NamedMeasurement type="numeric/double" name="Execution Time">
					<Value>60.0733</Value>
				</NamedMeasurement>
				<NamedMeasurement type="numeric/double" name="Processors">
					<Value>1</Value>
				</NamedMeasurement>
				<NamedMeasurement type="text/string" name="Completion Status">
					<Value>Completed</Value>
				</NamedMeasurement>
				<NamedMeasurement type="text/string" name="Command Line">
					<Value>/usr/bin/python3 "-u" "/opt/ros/foxy/share/ament_cmake_test/cmake/run_test.py" "/home/phat/testpublicsher/build/polygon_base/test_results/polygon_base/xmllint.xunit.xml" "--package-name" "polygon_base" "--output-file" "/home/phat/testpublicsher/build/polygon_base/ament_xmllint/xmllint.txt" "--command" "/opt/ros/foxy/bin/ament_xmllint" "--xunit-file" "/home/phat/testpublicsher/build/polygon_base/test_results/polygon_base/xmllint.xunit.xml"</Value>
				</NamedMeasurement>
				<Measurement>
					<Value>-- run_test.py: invoking following command in '/home/phat/testpublicsher/src/polygon_base':
 - /opt/ros/foxy/bin/ament_xmllint --xunit-file /home/phat/testpublicsher/build/polygon_base/test_results/polygon_base/xmllint.xunit.xml
</Value>
				</Measurement>
			</Results>
			<Labels>
				<Label>linter</Label>
				<Label>xmllint</Label>
			</Labels>
		</Test>
		<EndDateTime>Oct 06 10:44 +07</EndDateTime>
		<EndTestTime>1728186246</EndTestTime>
		<ElapsedMinutes>1</ElapsedMinutes>
	</Testing>
</Site>
