Start testing: Oct 06 10:43 +07
----------------------------------------------------------
1/3 Testing: copyright
1/3 Test: copyright
Command: "/usr/bin/python3" "-u" "/opt/ros/foxy/share/ament_cmake_test/cmake/run_test.py" "/home/phat/testpublicsher/build/tutorial_service/test_results/tutorial_service/copyright.xunit.xml" "--package-name" "tutorial_service" "--output-file" "/home/phat/testpublicsher/build/tutorial_service/ament_copyright/copyright.txt" "--command" "/opt/ros/foxy/bin/ament_copyright" "--xunit-file" "/home/phat/testpublicsher/build/tutorial_service/test_results/tutorial_service/copyright.xunit.xml"
Directory: /home/phat/testpublicsher/src/tutorial_service
"copyright" start time: Oct 06 10:43 +07
Output:
----------------------------------------------------------
-- run_test.py: invoking following command in '/home/phat/testpublicsher/src/tutorial_service':
 - /opt/ros/foxy/bin/ament_copyright --xunit-file /home/phat/testpublicsher/build/tutorial_service/test_results/tutorial_service/copyright.xunit.xml
No repository roots and files found
No problems found, checked 0 files
-- run_test.py: return code 0
-- run_test.py: verify result file '/home/phat/testpublicsher/build/tutorial_service/test_results/tutorial_service/copyright.xunit.xml'
<end of output>
Test time =   0.24 sec
----------------------------------------------------------
Test Passed.
"copyright" end time: Oct 06 10:43 +07
"copyright" time elapsed: 00:00:00
----------------------------------------------------------

2/3 Testing: lint_cmake
2/3 Test: lint_cmake
Command: "/usr/bin/python3" "-u" "/opt/ros/foxy/share/ament_cmake_test/cmake/run_test.py" "/home/phat/testpublicsher/build/tutorial_service/test_results/tutorial_service/lint_cmake.xunit.xml" "--package-name" "tutorial_service" "--output-file" "/home/phat/testpublicsher/build/tutorial_service/ament_lint_cmake/lint_cmake.txt" "--command" "/opt/ros/foxy/bin/ament_lint_cmake" "--xunit-file" "/home/phat/testpublicsher/build/tutorial_service/test_results/tutorial_service/lint_cmake.xunit.xml"
Directory: /home/phat/testpublicsher/src/tutorial_service
"lint_cmake" start time: Oct 06 10:43 +07
Output:
----------------------------------------------------------
-- run_test.py: invoking following command in '/home/phat/testpublicsher/src/tutorial_service':
 - /opt/ros/foxy/bin/ament_lint_cmake --xunit-file /home/phat/testpublicsher/build/tutorial_service/test_results/tutorial_service/lint_cmake.xunit.xml

No problems found
-- run_test.py: return code 0
-- run_test.py: verify result file '/home/phat/testpublicsher/build/tutorial_service/test_results/tutorial_service/lint_cmake.xunit.xml'
<end of output>
Test time =   0.21 sec
----------------------------------------------------------
Test Passed.
"lint_cmake" end time: Oct 06 10:43 +07
"lint_cmake" time elapsed: 00:00:00
----------------------------------------------------------

3/3 Testing: xmllint
3/3 Test: xmllint
Command: "/usr/bin/python3" "-u" "/opt/ros/foxy/share/ament_cmake_test/cmake/run_test.py" "/home/phat/testpublicsher/build/tutorial_service/test_results/tutorial_service/xmllint.xunit.xml" "--package-name" "tutorial_service" "--output-file" "/home/phat/testpublicsher/build/tutorial_service/ament_xmllint/xmllint.txt" "--command" "/opt/ros/foxy/bin/ament_xmllint" "--xunit-file" "/home/phat/testpublicsher/build/tutorial_service/test_results/tutorial_service/xmllint.xunit.xml"
Directory: /home/phat/testpublicsher/src/tutorial_service
"xmllint" start time: Oct 06 10:43 +07
Output:
----------------------------------------------------------
-- run_test.py: invoking following command in '/home/phat/testpublicsher/src/tutorial_service':
 - /opt/ros/foxy/bin/ament_xmllint --xunit-file /home/phat/testpublicsher/build/tutorial_service/test_results/tutorial_service/xmllint.xunit.xml
<end of output>
Test time =  60.08 sec
----------------------------------------------------------
Test Failed.
"xmllint" end time: Oct 06 10:44 +07
"xmllint" time elapsed: 00:01:00
----------------------------------------------------------

End testing: Oct 06 10:44 +07

copyright =   0.24 sec*proc

lint_cmake =   0.21 sec*proc

linter =  60.52 sec*proc

xmllint =  60.08 sec*proc

