Start testing: Oct 06 11:55 +07
----------------------------------------------------------
1/5 Testing: copyright
1/5 Test: copyright
Command: "/usr/bin/python3" "-u" "/opt/ros/foxy/share/ament_cmake_test/cmake/run_test.py" "/home/phat/testpublicsher/build/my_bot/test_results/my_bot/copyright.xunit.xml" "--package-name" "my_bot" "--output-file" "/home/phat/testpublicsher/build/my_bot/ament_copyright/copyright.txt" "--command" "/opt/ros/foxy/bin/ament_copyright" "--xunit-file" "/home/phat/testpublicsher/build/my_bot/test_results/my_bot/copyright.xunit.xml"
Directory: /home/phat/testpublicsher/src/my_bot
"copyright" start time: Oct 06 11:55 +07
Output:
----------------------------------------------------------
-- run_test.py: invoking following command in '/home/phat/testpublicsher/src/my_bot':
 - /opt/ros/foxy/bin/ament_copyright --xunit-file /home/phat/testpublicsher/build/my_bot/test_results/my_bot/copyright.xunit.xml
CONTRIBUTING.md: file not found
LICENSE: file not found
launch/rsp.launch.py: could not find copyright notice
3 errors, checked 3 files
-- run_test.py: return code 1
-- run_test.py: verify result file '/home/phat/testpublicsher/build/my_bot/test_results/my_bot/copyright.xunit.xml'
<end of output>
Test time =   0.22 sec
----------------------------------------------------------
Test Failed.
"copyright" end time: Oct 06 11:55 +07
"copyright" time elapsed: 00:00:00
----------------------------------------------------------

2/5 Testing: flake8
2/5 Test: flake8
Command: "/usr/bin/python3" "-u" "/opt/ros/foxy/share/ament_cmake_test/cmake/run_test.py" "/home/phat/testpublicsher/build/my_bot/test_results/my_bot/flake8.xunit.xml" "--package-name" "my_bot" "--output-file" "/home/phat/testpublicsher/build/my_bot/ament_flake8/flake8.txt" "--command" "/opt/ros/foxy/bin/ament_flake8" "--xunit-file" "/home/phat/testpublicsher/build/my_bot/test_results/my_bot/flake8.xunit.xml"
Directory: /home/phat/testpublicsher/src/my_bot
"flake8" start time: Oct 06 11:55 +07
Output:
----------------------------------------------------------
-- run_test.py: invoking following command in '/home/phat/testpublicsher/src/my_bot':
 - /opt/ros/foxy/bin/ament_flake8 --xunit-file /home/phat/testpublicsher/build/my_bot/test_results/my_bot/flake8.xunit.xml

./launch/rsp.launch.py:20:39: E231 missing whitespace after ','
    xacro_file = os.path.join(pkg_path,'description','robot.urdf.xacro')
                                      ^

./launch/rsp.launch.py:20:53: E231 missing whitespace after ','
    xacro_file = os.path.join(pkg_path,'description','robot.urdf.xacro')
                                                    ^

./launch/rsp.launch.py:22:1: W293 blank line contains whitespace
    
^

./launch/rsp.launch.py:33:5: E303 too many blank lines (2)
    # Launch!
    ^

2     E231 missing whitespace after ','
1     E303 too many blank lines (2)
1     W293 blank line contains whitespace

1 files checked
4 errors

'E'-type errors: 3
'W'-type errors: 1

Checked files:

* ./launch/rsp.launch.py
-- run_test.py: return code 1
-- run_test.py: verify result file '/home/phat/testpublicsher/build/my_bot/test_results/my_bot/flake8.xunit.xml'
<end of output>
Test time =   0.30 sec
----------------------------------------------------------
Test Failed.
"flake8" end time: Oct 06 11:55 +07
"flake8" time elapsed: 00:00:00
----------------------------------------------------------

3/5 Testing: lint_cmake
3/5 Test: lint_cmake
Command: "/usr/bin/python3" "-u" "/opt/ros/foxy/share/ament_cmake_test/cmake/run_test.py" "/home/phat/testpublicsher/build/my_bot/test_results/my_bot/lint_cmake.xunit.xml" "--package-name" "my_bot" "--output-file" "/home/phat/testpublicsher/build/my_bot/ament_lint_cmake/lint_cmake.txt" "--command" "/opt/ros/foxy/bin/ament_lint_cmake" "--xunit-file" "/home/phat/testpublicsher/build/my_bot/test_results/my_bot/lint_cmake.xunit.xml"
Directory: /home/phat/testpublicsher/src/my_bot
"lint_cmake" start time: Oct 06 11:55 +07
Output:
----------------------------------------------------------
-- run_test.py: invoking following command in '/home/phat/testpublicsher/src/my_bot':
 - /opt/ros/foxy/bin/ament_lint_cmake --xunit-file /home/phat/testpublicsher/build/my_bot/test_results/my_bot/lint_cmake.xunit.xml

No problems found
-- run_test.py: return code 0
-- run_test.py: verify result file '/home/phat/testpublicsher/build/my_bot/test_results/my_bot/lint_cmake.xunit.xml'
<end of output>
Test time =   0.21 sec
----------------------------------------------------------
Test Passed.
"lint_cmake" end time: Oct 06 11:55 +07
"lint_cmake" time elapsed: 00:00:00
----------------------------------------------------------

4/5 Testing: pep257
4/5 Test: pep257
Command: "/usr/bin/python3" "-u" "/opt/ros/foxy/share/ament_cmake_test/cmake/run_test.py" "/home/phat/testpublicsher/build/my_bot/test_results/my_bot/pep257.xunit.xml" "--package-name" "my_bot" "--output-file" "/home/phat/testpublicsher/build/my_bot/ament_pep257/pep257.txt" "--command" "/opt/ros/foxy/bin/ament_pep257" "--xunit-file" "/home/phat/testpublicsher/build/my_bot/test_results/my_bot/pep257.xunit.xml"
Directory: /home/phat/testpublicsher/src/my_bot
"pep257" start time: Oct 06 11:55 +07
Output:
----------------------------------------------------------
-- run_test.py: invoking following command in '/home/phat/testpublicsher/src/my_bot':
 - /opt/ros/foxy/bin/ament_pep257 --xunit-file /home/phat/testpublicsher/build/my_bot/test_results/my_bot/pep257.xunit.xml
checking ./launch/rsp.launch.py
No problems found
-- run_test.py: return code 0
-- run_test.py: verify result file '/home/phat/testpublicsher/build/my_bot/test_results/my_bot/pep257.xunit.xml'
<end of output>
Test time =   0.25 sec
----------------------------------------------------------
Test Passed.
"pep257" end time: Oct 06 11:55 +07
"pep257" time elapsed: 00:00:00
----------------------------------------------------------

5/5 Testing: xmllint
5/5 Test: xmllint
Command: "/usr/bin/python3" "-u" "/opt/ros/foxy/share/ament_cmake_test/cmake/run_test.py" "/home/phat/testpublicsher/build/my_bot/test_results/my_bot/xmllint.xunit.xml" "--package-name" "my_bot" "--output-file" "/home/phat/testpublicsher/build/my_bot/ament_xmllint/xmllint.txt" "--command" "/opt/ros/foxy/bin/ament_xmllint" "--xunit-file" "/home/phat/testpublicsher/build/my_bot/test_results/my_bot/xmllint.xunit.xml"
Directory: /home/phat/testpublicsher/src/my_bot
"xmllint" start time: Oct 06 11:55 +07
Output:
----------------------------------------------------------
-- run_test.py: invoking following command in '/home/phat/testpublicsher/src/my_bot':
 - /opt/ros/foxy/bin/ament_xmllint --xunit-file /home/phat/testpublicsher/build/my_bot/test_results/my_bot/xmllint.xunit.xml
<end of output>
Test time =  60.08 sec
----------------------------------------------------------
Test Failed.
"xmllint" end time: Oct 06 11:56 +07
"xmllint" time elapsed: 00:01:00
----------------------------------------------------------

End testing: Oct 06 11:56 +07

copyright =   0.22 sec*proc

flake8 =   0.30 sec*proc

lint_cmake =   0.21 sec*proc

linter =  61.06 sec*proc

pep257 =   0.25 sec*proc

xmllint =  60.08 sec*proc

