Start testing: Oct 06 10:43 +07
----------------------------------------------------------
1/8 Testing: copyright
1/8 Test: copyright
Command: "/usr/bin/python3" "-u" "/opt/ros/foxy/share/ament_cmake_test/cmake/run_test.py" "/home/phat/testpublicsher/build/cpp_pub/test_results/cpp_pub/copyright.xunit.xml" "--package-name" "cpp_pub" "--output-file" "/home/phat/testpublicsher/build/cpp_pub/ament_copyright/copyright.txt" "--command" "/opt/ros/foxy/bin/ament_copyright" "--xunit-file" "/home/phat/testpublicsher/build/cpp_pub/test_results/cpp_pub/copyright.xunit.xml"
Directory: /home/phat/testpublicsher/src/cpp_pub
"copyright" start time: Oct 06 10:43 +07
Output:
----------------------------------------------------------
-- run_test.py: invoking following command in '/home/phat/testpublicsher/src/cpp_pub':
 - /opt/ros/foxy/bin/ament_copyright --xunit-file /home/phat/testpublicsher/build/cpp_pub/test_results/cpp_pub/copyright.xunit.xml
install/_local_setup_util_ps1.py: copyright=Dirk Thomas (2016-2019), license=<unknown>
install/_local_setup_util_sh.py: copyright=Dirk Thomas (2016-2019), license=<unknown>
2 errors, checked 4 files
-- run_test.py: return code 1
-- run_test.py: verify result file '/home/phat/testpublicsher/build/cpp_pub/test_results/cpp_pub/copyright.xunit.xml'
<end of output>
Test time =   0.22 sec
----------------------------------------------------------
Test Failed.
"copyright" end time: Oct 06 10:43 +07
"copyright" time elapsed: 00:00:00
----------------------------------------------------------

2/8 Testing: cppcheck
2/8 Test: cppcheck
Command: "/usr/bin/python3" "-u" "/opt/ros/foxy/share/ament_cmake_test/cmake/run_test.py" "/home/phat/testpublicsher/build/cpp_pub/test_results/cpp_pub/cppcheck.xunit.xml" "--package-name" "cpp_pub" "--output-file" "/home/phat/testpublicsher/build/cpp_pub/ament_cppcheck/cppcheck.txt" "--command" "/opt/ros/foxy/bin/ament_cppcheck" "--xunit-file" "/home/phat/testpublicsher/build/cpp_pub/test_results/cpp_pub/cppcheck.xunit.xml"
Directory: /home/phat/testpublicsher/src/cpp_pub
"cppcheck" start time: Oct 06 10:43 +07
Output:
----------------------------------------------------------
-- run_test.py: invoking following command in '/home/phat/testpublicsher/src/cpp_pub':
 - /opt/ros/foxy/bin/ament_cppcheck --xunit-file /home/phat/testpublicsher/build/cpp_pub/test_results/cpp_pub/cppcheck.xunit.xml
No problems found
-- run_test.py: return code 0
-- run_test.py: verify result file '/home/phat/testpublicsher/build/cpp_pub/test_results/cpp_pub/cppcheck.xunit.xml'
<end of output>
Test time =   0.23 sec
----------------------------------------------------------
Test Passed.
"cppcheck" end time: Oct 06 10:43 +07
"cppcheck" time elapsed: 00:00:00
----------------------------------------------------------

3/8 Testing: cpplint
3/8 Test: cpplint
Command: "/usr/bin/python3" "-u" "/opt/ros/foxy/share/ament_cmake_test/cmake/run_test.py" "/home/phat/testpublicsher/build/cpp_pub/test_results/cpp_pub/cpplint.xunit.xml" "--package-name" "cpp_pub" "--output-file" "/home/phat/testpublicsher/build/cpp_pub/ament_cpplint/cpplint.txt" "--command" "/opt/ros/foxy/bin/ament_cpplint" "--xunit-file" "/home/phat/testpublicsher/build/cpp_pub/test_results/cpp_pub/cpplint.xunit.xml"
Directory: /home/phat/testpublicsher/src/cpp_pub
"cpplint" start time: Oct 06 10:43 +07
Output:
----------------------------------------------------------
-- run_test.py: invoking following command in '/home/phat/testpublicsher/src/cpp_pub':
 - /opt/ros/foxy/bin/ament_cpplint --xunit-file /home/phat/testpublicsher/build/cpp_pub/test_results/cpp_pub/cpplint.xunit.xml
Using '--root=/home/phat/testpublicsher/src/cpp_pub/src' argument

Done processing /home/phat/testpublicsher/src/cpp_pub/src/publisher_member_function.cpp

Done processing /home/phat/testpublicsher/src/cpp_pub/src/subscriber_member_function.cpp

No problems found
-- run_test.py: return code 0
-- run_test.py: verify result file '/home/phat/testpublicsher/build/cpp_pub/test_results/cpp_pub/cpplint.xunit.xml'
<end of output>
Test time =   0.24 sec
----------------------------------------------------------
Test Passed.
"cpplint" end time: Oct 06 10:43 +07
"cpplint" time elapsed: 00:00:00
----------------------------------------------------------

4/8 Testing: flake8
4/8 Test: flake8
Command: "/usr/bin/python3" "-u" "/opt/ros/foxy/share/ament_cmake_test/cmake/run_test.py" "/home/phat/testpublicsher/build/cpp_pub/test_results/cpp_pub/flake8.xunit.xml" "--package-name" "cpp_pub" "--output-file" "/home/phat/testpublicsher/build/cpp_pub/ament_flake8/flake8.txt" "--command" "/opt/ros/foxy/bin/ament_flake8" "--xunit-file" "/home/phat/testpublicsher/build/cpp_pub/test_results/cpp_pub/flake8.xunit.xml"
Directory: /home/phat/testpublicsher/src/cpp_pub
"flake8" start time: Oct 06 10:43 +07
Output:
----------------------------------------------------------
-- run_test.py: invoking following command in '/home/phat/testpublicsher/src/cpp_pub':
 - /opt/ros/foxy/bin/ament_flake8 --xunit-file /home/phat/testpublicsher/build/cpp_pub/test_results/cpp_pub/flake8.xunit.xml

./install/_local_setup_util_sh.py:14:100: E501 line too long (109 > 99 characters)
FORMAT_STR_INVOKE_SCRIPT = 'COLCON_CURRENT_PREFIX="{prefix}" _colcon_prefix_sh_source_script "{script_path}"'
                                                                                                   ^

./install/_local_setup_util_sh.py:15:100: E501 line too long (124 > 99 characters)
FORMAT_STR_REMOVE_LEADING_SEPARATOR = 'if [ "$(echo -n ${name} | head -c 1)" = ":" ]; then export {name}=${{{name}#?}} ; fi'
                                                                                                   ^

./install/_local_setup_util_sh.py:16:100: E501 line too long (125 > 99 characters)
FORMAT_STR_REMOVE_TRAILING_SEPARATOR = 'if [ "$(echo -n ${name} | tail -c 1)" = ":" ]; then export {name}=${{{name}%?}} ; fi'
                                                                                                   ^

3     E501 line too long (109 > 99 characters)

2 files checked
3 errors

'E'-type errors: 3

Checked files:

* ./install/_local_setup_util_sh.py
* ./install/_local_setup_util_ps1.py
-- run_test.py: return code 1
-- run_test.py: verify result file '/home/phat/testpublicsher/build/cpp_pub/test_results/cpp_pub/flake8.xunit.xml'
<end of output>
Test time =   0.36 sec
----------------------------------------------------------
Test Failed.
"flake8" end time: Oct 06 10:43 +07
"flake8" time elapsed: 00:00:00
----------------------------------------------------------

5/8 Testing: lint_cmake
5/8 Test: lint_cmake
Command: "/usr/bin/python3" "-u" "/opt/ros/foxy/share/ament_cmake_test/cmake/run_test.py" "/home/phat/testpublicsher/build/cpp_pub/test_results/cpp_pub/lint_cmake.xunit.xml" "--package-name" "cpp_pub" "--output-file" "/home/phat/testpublicsher/build/cpp_pub/ament_lint_cmake/lint_cmake.txt" "--command" "/opt/ros/foxy/bin/ament_lint_cmake" "--xunit-file" "/home/phat/testpublicsher/build/cpp_pub/test_results/cpp_pub/lint_cmake.xunit.xml"
Directory: /home/phat/testpublicsher/src/cpp_pub
"lint_cmake" start time: Oct 06 10:43 +07
Output:
----------------------------------------------------------
-- run_test.py: invoking following command in '/home/phat/testpublicsher/src/cpp_pub':
 - /opt/ros/foxy/bin/ament_lint_cmake --xunit-file /home/phat/testpublicsher/build/cpp_pub/test_results/cpp_pub/lint_cmake.xunit.xml

No problems found
-- run_test.py: return code 0
-- run_test.py: verify result file '/home/phat/testpublicsher/build/cpp_pub/test_results/cpp_pub/lint_cmake.xunit.xml'
<end of output>
Test time =   0.20 sec
----------------------------------------------------------
Test Passed.
"lint_cmake" end time: Oct 06 10:43 +07
"lint_cmake" time elapsed: 00:00:00
----------------------------------------------------------

6/8 Testing: pep257
6/8 Test: pep257
Command: "/usr/bin/python3" "-u" "/opt/ros/foxy/share/ament_cmake_test/cmake/run_test.py" "/home/phat/testpublicsher/build/cpp_pub/test_results/cpp_pub/pep257.xunit.xml" "--package-name" "cpp_pub" "--output-file" "/home/phat/testpublicsher/build/cpp_pub/ament_pep257/pep257.txt" "--command" "/opt/ros/foxy/bin/ament_pep257" "--xunit-file" "/home/phat/testpublicsher/build/cpp_pub/test_results/cpp_pub/pep257.xunit.xml"
Directory: /home/phat/testpublicsher/src/cpp_pub
"pep257" start time: Oct 06 10:43 +07
Output:
----------------------------------------------------------
-- run_test.py: invoking following command in '/home/phat/testpublicsher/src/cpp_pub':
 - /opt/ros/foxy/bin/ament_pep257 --xunit-file /home/phat/testpublicsher/build/cpp_pub/test_results/cpp_pub/pep257.xunit.xml
checking ./install/_local_setup_util_ps1.py
checking ./install/_local_setup_util_sh.py
No problems found
-- run_test.py: return code 0
-- run_test.py: verify result file '/home/phat/testpublicsher/build/cpp_pub/test_results/cpp_pub/pep257.xunit.xml'
<end of output>
Test time =   0.28 sec
----------------------------------------------------------
Test Passed.
"pep257" end time: Oct 06 10:43 +07
"pep257" time elapsed: 00:00:00
----------------------------------------------------------

7/8 Testing: uncrustify
7/8 Test: uncrustify
Command: "/usr/bin/python3" "-u" "/opt/ros/foxy/share/ament_cmake_test/cmake/run_test.py" "/home/phat/testpublicsher/build/cpp_pub/test_results/cpp_pub/uncrustify.xunit.xml" "--package-name" "cpp_pub" "--output-file" "/home/phat/testpublicsher/build/cpp_pub/ament_uncrustify/uncrustify.txt" "--command" "/opt/ros/foxy/bin/ament_uncrustify" "--xunit-file" "/home/phat/testpublicsher/build/cpp_pub/test_results/cpp_pub/uncrustify.xunit.xml"
Directory: /home/phat/testpublicsher/src/cpp_pub
"uncrustify" start time: Oct 06 10:43 +07
Output:
----------------------------------------------------------
-- run_test.py: invoking following command in '/home/phat/testpublicsher/src/cpp_pub':
 - /opt/ros/foxy/bin/ament_uncrustify --xunit-file /home/phat/testpublicsher/build/cpp_pub/test_results/cpp_pub/uncrustify.xunit.xml
No code style divergence in file 'src/publisher_member_function.cpp'

No code style divergence in file 'src/subscriber_member_function.cpp'

No problems found
-- run_test.py: return code 0
-- run_test.py: verify result file '/home/phat/testpublicsher/build/cpp_pub/test_results/cpp_pub/uncrustify.xunit.xml'
<end of output>
Test time =   0.22 sec
----------------------------------------------------------
Test Passed.
"uncrustify" end time: Oct 06 10:43 +07
"uncrustify" time elapsed: 00:00:00
----------------------------------------------------------

8/8 Testing: xmllint
8/8 Test: xmllint
Command: "/usr/bin/python3" "-u" "/opt/ros/foxy/share/ament_cmake_test/cmake/run_test.py" "/home/phat/testpublicsher/build/cpp_pub/test_results/cpp_pub/xmllint.xunit.xml" "--package-name" "cpp_pub" "--output-file" "/home/phat/testpublicsher/build/cpp_pub/ament_xmllint/xmllint.txt" "--command" "/opt/ros/foxy/bin/ament_xmllint" "--xunit-file" "/home/phat/testpublicsher/build/cpp_pub/test_results/cpp_pub/xmllint.xunit.xml"
Directory: /home/phat/testpublicsher/src/cpp_pub
"xmllint" start time: Oct 06 10:43 +07
Output:
----------------------------------------------------------
-- run_test.py: invoking following command in '/home/phat/testpublicsher/src/cpp_pub':
 - /opt/ros/foxy/bin/ament_xmllint --xunit-file /home/phat/testpublicsher/build/cpp_pub/test_results/cpp_pub/xmllint.xunit.xml
<end of output>
Test time =  60.07 sec
----------------------------------------------------------
Test Failed.
"xmllint" end time: Oct 06 10:44 +07
"xmllint" time elapsed: 00:01:00
----------------------------------------------------------

End testing: Oct 06 10:44 +07

copyright =   0.22 sec*proc

cppcheck =   0.23 sec*proc

cpplint =   0.24 sec*proc

flake8 =   0.36 sec*proc

lint_cmake =   0.20 sec*proc

linter =  61.83 sec*proc

pep257 =   0.28 sec*proc

uncrustify =   0.22 sec*proc

xmllint =  60.07 sec*proc

