Start testing: Oct 06 10:43 +07
----------------------------------------------------------
1/6 Testing: copyright
1/6 Test: copyright
Command: "/usr/bin/python3" "-u" "/opt/ros/foxy/share/ament_cmake_test/cmake/run_test.py" "/home/phat/testpublicsher/build/polygon_base/test_results/polygon_base/copyright.xunit.xml" "--package-name" "polygon_base" "--output-file" "/home/phat/testpublicsher/build/polygon_base/ament_copyright/copyright.txt" "--command" "/opt/ros/foxy/bin/ament_copyright" "--xunit-file" "/home/phat/testpublicsher/build/polygon_base/test_results/polygon_base/copyright.xunit.xml"
Directory: /home/phat/testpublicsher/src/polygon_base
"copyright" start time: Oct 06 10:43 +07
Output:
----------------------------------------------------------
-- run_test.py: invoking following command in '/home/phat/testpublicsher/src/polygon_base':
 - /opt/ros/foxy/bin/ament_copyright --xunit-file /home/phat/testpublicsher/build/polygon_base/test_results/polygon_base/copyright.xunit.xml
include/polygon_base/regular_polygon.hpp: could not find copyright notice
src/area_node.cpp: could not find copyright notice
2 errors, checked 2 files
-- run_test.py: return code 1
-- run_test.py: verify result file '/home/phat/testpublicsher/build/polygon_base/test_results/polygon_base/copyright.xunit.xml'
<end of output>
Test time =   0.22 sec
----------------------------------------------------------
Test Failed.
"copyright" end time: Oct 06 10:43 +07
"copyright" time elapsed: 00:00:00
----------------------------------------------------------

2/6 Testing: cppcheck
2/6 Test: cppcheck
Command: "/usr/bin/python3" "-u" "/opt/ros/foxy/share/ament_cmake_test/cmake/run_test.py" "/home/phat/testpublicsher/build/polygon_base/test_results/polygon_base/cppcheck.xunit.xml" "--package-name" "polygon_base" "--output-file" "/home/phat/testpublicsher/build/polygon_base/ament_cppcheck/cppcheck.txt" "--command" "/opt/ros/foxy/bin/ament_cppcheck" "--xunit-file" "/home/phat/testpublicsher/build/polygon_base/test_results/polygon_base/cppcheck.xunit.xml" "--include_dirs" "/home/phat/testpublicsher/src/polygon_base/include"
Directory: /home/phat/testpublicsher/src/polygon_base
"cppcheck" start time: Oct 06 10:43 +07
Output:
----------------------------------------------------------
-- run_test.py: invoking following command in '/home/phat/testpublicsher/src/polygon_base':
 - /opt/ros/foxy/bin/ament_cppcheck --xunit-file /home/phat/testpublicsher/build/polygon_base/test_results/polygon_base/cppcheck.xunit.xml --include_dirs /home/phat/testpublicsher/src/polygon_base/include
No problems found
-- run_test.py: return code 0
-- run_test.py: verify result file '/home/phat/testpublicsher/build/polygon_base/test_results/polygon_base/cppcheck.xunit.xml'
<end of output>
Test time =   0.23 sec
----------------------------------------------------------
Test Passed.
"cppcheck" end time: Oct 06 10:43 +07
"cppcheck" time elapsed: 00:00:00
----------------------------------------------------------

3/6 Testing: cpplint
3/6 Test: cpplint
Command: "/usr/bin/python3" "-u" "/opt/ros/foxy/share/ament_cmake_test/cmake/run_test.py" "/home/phat/testpublicsher/build/polygon_base/test_results/polygon_base/cpplint.xunit.xml" "--package-name" "polygon_base" "--output-file" "/home/phat/testpublicsher/build/polygon_base/ament_cpplint/cpplint.txt" "--command" "/opt/ros/foxy/bin/ament_cpplint" "--xunit-file" "/home/phat/testpublicsher/build/polygon_base/test_results/polygon_base/cpplint.xunit.xml"
Directory: /home/phat/testpublicsher/src/polygon_base
"cpplint" start time: Oct 06 10:43 +07
Output:
----------------------------------------------------------
-- run_test.py: invoking following command in '/home/phat/testpublicsher/src/polygon_base':
 - /opt/ros/foxy/bin/ament_cpplint --xunit-file /home/phat/testpublicsher/build/polygon_base/test_results/polygon_base/cpplint.xunit.xml
/home/phat/testpublicsher/src/polygon_base/include/polygon_base/regular_polygon.hpp:0:  No copyright message found.  You should have a line: "Copyright [year] <Copyright Owner>"  [legal/copyright] [5]
/home/phat/testpublicsher/src/polygon_base/include/polygon_base/regular_polygon.hpp:1:  #ifndef header guard has wrong style, please use: POLYGON_BASE__REGULAR_POLYGON_HPP_  [build/header_guard] [5]
/home/phat/testpublicsher/src/polygon_base/include/polygon_base/regular_polygon.hpp:18:  #endif line should be "#endif  // POLYGON_BASE__REGULAR_POLYGON_HPP_"  [build/header_guard] [5]
/home/phat/testpublicsher/src/polygon_base/include/polygon_base/regular_polygon.hpp:6:  Do not indent within a namespace  [runtime/indentation_namespace] [4]
/home/phat/testpublicsher/src/polygon_base/src/area_node.cpp:0:  No copyright message found.  You should have a line: "Copyright [year] <Copyright Owner>"  [legal/copyright] [5]
Category 'build/header_guard' errors found: 2
Category 'legal/copyright' errors found: 2
Category 'runtime/indentation_namespace' errors found: 1
Total errors found: 5
Using '--root=/home/phat/testpublicsher/src/polygon_base/include' argument

Done processing /home/phat/testpublicsher/src/polygon_base/include/polygon_base/regular_polygon.hpp

Using '--root=/home/phat/testpublicsher/src/polygon_base/src' argument

Done processing /home/phat/testpublicsher/src/polygon_base/src/area_node.cpp

-- run_test.py: return code 1
-- run_test.py: verify result file '/home/phat/testpublicsher/build/polygon_base/test_results/polygon_base/cpplint.xunit.xml'
<end of output>
Test time =   0.23 sec
----------------------------------------------------------
Test Failed.
"cpplint" end time: Oct 06 10:43 +07
"cpplint" time elapsed: 00:00:00
----------------------------------------------------------

4/6 Testing: lint_cmake
4/6 Test: lint_cmake
Command: "/usr/bin/python3" "-u" "/opt/ros/foxy/share/ament_cmake_test/cmake/run_test.py" "/home/phat/testpublicsher/build/polygon_base/test_results/polygon_base/lint_cmake.xunit.xml" "--package-name" "polygon_base" "--output-file" "/home/phat/testpublicsher/build/polygon_base/ament_lint_cmake/lint_cmake.txt" "--command" "/opt/ros/foxy/bin/ament_lint_cmake" "--xunit-file" "/home/phat/testpublicsher/build/polygon_base/test_results/polygon_base/lint_cmake.xunit.xml"
Directory: /home/phat/testpublicsher/src/polygon_base
"lint_cmake" start time: Oct 06 10:43 +07
Output:
----------------------------------------------------------
-- run_test.py: invoking following command in '/home/phat/testpublicsher/src/polygon_base':
 - /opt/ros/foxy/bin/ament_lint_cmake --xunit-file /home/phat/testpublicsher/build/polygon_base/test_results/polygon_base/lint_cmake.xunit.xml

No problems found
-- run_test.py: return code 0
-- run_test.py: verify result file '/home/phat/testpublicsher/build/polygon_base/test_results/polygon_base/lint_cmake.xunit.xml'
<end of output>
Test time =   0.20 sec
----------------------------------------------------------
Test Passed.
"lint_cmake" end time: Oct 06 10:43 +07
"lint_cmake" time elapsed: 00:00:00
----------------------------------------------------------

5/6 Testing: uncrustify
5/6 Test: uncrustify
Command: "/usr/bin/python3" "-u" "/opt/ros/foxy/share/ament_cmake_test/cmake/run_test.py" "/home/phat/testpublicsher/build/polygon_base/test_results/polygon_base/uncrustify.xunit.xml" "--package-name" "polygon_base" "--output-file" "/home/phat/testpublicsher/build/polygon_base/ament_uncrustify/uncrustify.txt" "--command" "/opt/ros/foxy/bin/ament_uncrustify" "--xunit-file" "/home/phat/testpublicsher/build/polygon_base/test_results/polygon_base/uncrustify.xunit.xml"
Directory: /home/phat/testpublicsher/src/polygon_base
"uncrustify" start time: Oct 06 10:43 +07
Output:
----------------------------------------------------------
-- run_test.py: invoking following command in '/home/phat/testpublicsher/src/polygon_base':
 - /opt/ros/foxy/bin/ament_uncrustify --xunit-file /home/phat/testpublicsher/build/polygon_base/test_results/polygon_base/uncrustify.xunit.xml
Code style divergence in file 'include/polygon_base/regular_polygon.hpp':

--- include/polygon_base/regular_polygon.hpp
+++ include/polygon_base/regular_polygon.hpp.uncrustify
@@ -6,6 +6,6 @@
-  class RegularPolygon
-  {
-    public:
-      virtual void initialize(double side_length) = 0;
-      virtual double area() = 0;
-      virtual ~RegularPolygon(){}
+class RegularPolygon
+{
+public:
+  virtual void initialize(double side_length) = 0;
+  virtual double area() = 0;
+  virtual ~RegularPolygon() {}
@@ -13,3 +13,3 @@
-    protected:
-      RegularPolygon(){}
-  };
+protected:
+  RegularPolygon() {}
+};

1 files with code style divergence
No code style divergence in file 'src/area_node.cpp'

-- run_test.py: return code 1
-- run_test.py: verify result file '/home/phat/testpublicsher/build/polygon_base/test_results/polygon_base/uncrustify.xunit.xml'
<end of output>
Test time =   0.22 sec
----------------------------------------------------------
Test Failed.
"uncrustify" end time: Oct 06 10:43 +07
"uncrustify" time elapsed: 00:00:00
----------------------------------------------------------

6/6 Testing: xmllint
6/6 Test: xmllint
Command: "/usr/bin/python3" "-u" "/opt/ros/foxy/share/ament_cmake_test/cmake/run_test.py" "/home/phat/testpublicsher/build/polygon_base/test_results/polygon_base/xmllint.xunit.xml" "--package-name" "polygon_base" "--output-file" "/home/phat/testpublicsher/build/polygon_base/ament_xmllint/xmllint.txt" "--command" "/opt/ros/foxy/bin/ament_xmllint" "--xunit-file" "/home/phat/testpublicsher/build/polygon_base/test_results/polygon_base/xmllint.xunit.xml"
Directory: /home/phat/testpublicsher/src/polygon_base
"xmllint" start time: Oct 06 10:43 +07
Output:
----------------------------------------------------------
-- run_test.py: invoking following command in '/home/phat/testpublicsher/src/polygon_base':
 - /opt/ros/foxy/bin/ament_xmllint --xunit-file /home/phat/testpublicsher/build/polygon_base/test_results/polygon_base/xmllint.xunit.xml
<end of output>
Test time =  60.07 sec
----------------------------------------------------------
Test Failed.
"xmllint" end time: Oct 06 10:44 +07
"xmllint" time elapsed: 00:01:00
----------------------------------------------------------

End testing: Oct 06 10:44 +07

copyright =   0.22 sec*proc

cppcheck =   0.23 sec*proc

cpplint =   0.23 sec*proc

lint_cmake =   0.20 sec*proc

linter =  61.18 sec*proc

uncrustify =   0.22 sec*proc

xmllint =  60.07 sec*proc

