Start testing: Oct 06 10:44 +07
----------------------------------------------------------
1/6 Testing: copyright
1/6 Test: copyright
Command: "/usr/bin/python3" "-u" "/opt/ros/foxy/share/ament_cmake_test/cmake/run_test.py" "/home/phat/testpublicsher/build/testservice/test_results/testservice/copyright.xunit.xml" "--package-name" "testservice" "--output-file" "/home/phat/testpublicsher/build/testservice/ament_copyright/copyright.txt" "--command" "/opt/ros/foxy/bin/ament_copyright" "--xunit-file" "/home/phat/testpublicsher/build/testservice/test_results/testservice/copyright.xunit.xml"
Directory: /home/phat/testpublicsher/src/testservice
"copyright" start time: Oct 06 10:44 +07
Output:
----------------------------------------------------------
-- run_test.py: invoking following command in '/home/phat/testpublicsher/src/testservice':
 - /opt/ros/foxy/bin/ament_copyright --xunit-file /home/phat/testpublicsher/build/testservice/test_results/testservice/copyright.xunit.xml
src/client_server.cpp: could not find copyright notice
src/service_server.cpp: could not find copyright notice
2 errors, checked 2 files
-- run_test.py: return code 1
-- run_test.py: verify result file '/home/phat/testpublicsher/build/testservice/test_results/testservice/copyright.xunit.xml'
<end of output>
Test time =   0.22 sec
----------------------------------------------------------
Test Failed.
"copyright" end time: Oct 06 10:44 +07
"copyright" time elapsed: 00:00:00
----------------------------------------------------------

2/6 Testing: cppcheck
2/6 Test: cppcheck
Command: "/usr/bin/python3" "-u" "/opt/ros/foxy/share/ament_cmake_test/cmake/run_test.py" "/home/phat/testpublicsher/build/testservice/test_results/testservice/cppcheck.xunit.xml" "--package-name" "testservice" "--output-file" "/home/phat/testpublicsher/build/testservice/ament_cppcheck/cppcheck.txt" "--command" "/opt/ros/foxy/bin/ament_cppcheck" "--xunit-file" "/home/phat/testpublicsher/build/testservice/test_results/testservice/cppcheck.xunit.xml"
Directory: /home/phat/testpublicsher/src/testservice
"cppcheck" start time: Oct 06 10:44 +07
Output:
----------------------------------------------------------
-- run_test.py: invoking following command in '/home/phat/testpublicsher/src/testservice':
 - /opt/ros/foxy/bin/ament_cppcheck --xunit-file /home/phat/testpublicsher/build/testservice/test_results/testservice/cppcheck.xunit.xml
No problems found
-- run_test.py: return code 0
-- run_test.py: verify result file '/home/phat/testpublicsher/build/testservice/test_results/testservice/cppcheck.xunit.xml'
<end of output>
Test time =   0.25 sec
----------------------------------------------------------
Test Passed.
"cppcheck" end time: Oct 06 10:44 +07
"cppcheck" time elapsed: 00:00:00
----------------------------------------------------------

3/6 Testing: cpplint
3/6 Test: cpplint
Command: "/usr/bin/python3" "-u" "/opt/ros/foxy/share/ament_cmake_test/cmake/run_test.py" "/home/phat/testpublicsher/build/testservice/test_results/testservice/cpplint.xunit.xml" "--package-name" "testservice" "--output-file" "/home/phat/testpublicsher/build/testservice/ament_cpplint/cpplint.txt" "--command" "/opt/ros/foxy/bin/ament_cpplint" "--xunit-file" "/home/phat/testpublicsher/build/testservice/test_results/testservice/cpplint.xunit.xml"
Directory: /home/phat/testpublicsher/src/testservice
"cpplint" start time: Oct 06 10:44 +07
Output:
----------------------------------------------------------
-- run_test.py: invoking following command in '/home/phat/testpublicsher/src/testservice':
 - /opt/ros/foxy/bin/ament_cpplint --xunit-file /home/phat/testpublicsher/build/testservice/test_results/testservice/cpplint.xunit.xml
/home/phat/testpublicsher/src/testservice/src/client_server.cpp:0:  No copyright message found.  You should have a line: "Copyright [year] <Copyright Owner>"  [legal/copyright] [5]
/home/phat/testpublicsher/src/testservice/src/client_server.cpp:31:  Could not find a newline character at the end of the file.  [whitespace/ending_newline] [5]
/home/phat/testpublicsher/src/testservice/src/service_server.cpp:0:  No copyright message found.  You should have a line: "Copyright [year] <Copyright Owner>"  [legal/copyright] [5]
/home/phat/testpublicsher/src/testservice/src/service_server.cpp:39:  Could not find a newline character at the end of the file.  [whitespace/ending_newline] [5]
Category 'legal/copyright' errors found: 2
Category 'whitespace/ending_newline' errors found: 2
Total errors found: 4
Using '--root=/home/phat/testpublicsher/src/testservice/src' argument

Done processing /home/phat/testpublicsher/src/testservice/src/client_server.cpp

Done processing /home/phat/testpublicsher/src/testservice/src/service_server.cpp

-- run_test.py: return code 1
-- run_test.py: verify result file '/home/phat/testpublicsher/build/testservice/test_results/testservice/cpplint.xunit.xml'
<end of output>
Test time =   0.24 sec
----------------------------------------------------------
Test Failed.
"cpplint" end time: Oct 06 10:44 +07
"cpplint" time elapsed: 00:00:00
----------------------------------------------------------

4/6 Testing: lint_cmake
4/6 Test: lint_cmake
Command: "/usr/bin/python3" "-u" "/opt/ros/foxy/share/ament_cmake_test/cmake/run_test.py" "/home/phat/testpublicsher/build/testservice/test_results/testservice/lint_cmake.xunit.xml" "--package-name" "testservice" "--output-file" "/home/phat/testpublicsher/build/testservice/ament_lint_cmake/lint_cmake.txt" "--command" "/opt/ros/foxy/bin/ament_lint_cmake" "--xunit-file" "/home/phat/testpublicsher/build/testservice/test_results/testservice/lint_cmake.xunit.xml"
Directory: /home/phat/testpublicsher/src/testservice
"lint_cmake" start time: Oct 06 10:44 +07
Output:
----------------------------------------------------------
-- run_test.py: invoking following command in '/home/phat/testpublicsher/src/testservice':
 - /opt/ros/foxy/bin/ament_lint_cmake --xunit-file /home/phat/testpublicsher/build/testservice/test_results/testservice/lint_cmake.xunit.xml

No problems found
-- run_test.py: return code 0
-- run_test.py: verify result file '/home/phat/testpublicsher/build/testservice/test_results/testservice/lint_cmake.xunit.xml'
<end of output>
Test time =   0.20 sec
----------------------------------------------------------
Test Passed.
"lint_cmake" end time: Oct 06 10:44 +07
"lint_cmake" time elapsed: 00:00:00
----------------------------------------------------------

5/6 Testing: uncrustify
5/6 Test: uncrustify
Command: "/usr/bin/python3" "-u" "/opt/ros/foxy/share/ament_cmake_test/cmake/run_test.py" "/home/phat/testpublicsher/build/testservice/test_results/testservice/uncrustify.xunit.xml" "--package-name" "testservice" "--output-file" "/home/phat/testpublicsher/build/testservice/ament_uncrustify/uncrustify.txt" "--command" "/opt/ros/foxy/bin/ament_uncrustify" "--xunit-file" "/home/phat/testpublicsher/build/testservice/test_results/testservice/uncrustify.xunit.xml"
Directory: /home/phat/testpublicsher/src/testservice
"uncrustify" start time: Oct 06 10:44 +07
Output:
----------------------------------------------------------
-- run_test.py: invoking following command in '/home/phat/testpublicsher/src/testservice':
 - /opt/ros/foxy/bin/ament_uncrustify --xunit-file /home/phat/testpublicsher/build/testservice/test_results/testservice/uncrustify.xunit.xml
Code style divergence in file 'src/client_server.cpp':

--- src/client_server.cpp
+++ src/client_server.cpp.uncrustify
@@ -13 +13,2 @@
-    subscription_ = this->create_subscription<tutorial_service::msg::Num>(          // CHANGE
+    subscription_ = this->create_subscription<tutorial_service::msg::Num>(
+      // CHANGE
@@ -31 +32 @@
-}
+}

Code style divergence in file 'src/service_server.cpp':

--- src/service_server.cpp
+++ src/service_server.cpp.uncrustify
@@ -39 +39 @@
-}
+}

2 files with code style divergence
-- run_test.py: return code 1
-- run_test.py: verify result file '/home/phat/testpublicsher/build/testservice/test_results/testservice/uncrustify.xunit.xml'
<end of output>
Test time =   0.22 sec
----------------------------------------------------------
Test Failed.
"uncrustify" end time: Oct 06 10:44 +07
"uncrustify" time elapsed: 00:00:00
----------------------------------------------------------

6/6 Testing: xmllint
6/6 Test: xmllint
Command: "/usr/bin/python3" "-u" "/opt/ros/foxy/share/ament_cmake_test/cmake/run_test.py" "/home/phat/testpublicsher/build/testservice/test_results/testservice/xmllint.xunit.xml" "--package-name" "testservice" "--output-file" "/home/phat/testpublicsher/build/testservice/ament_xmllint/xmllint.txt" "--command" "/opt/ros/foxy/bin/ament_xmllint" "--xunit-file" "/home/phat/testpublicsher/build/testservice/test_results/testservice/xmllint.xunit.xml"
Directory: /home/phat/testpublicsher/src/testservice
"xmllint" start time: Oct 06 10:44 +07
Output:
----------------------------------------------------------
-- run_test.py: invoking following command in '/home/phat/testpublicsher/src/testservice':
 - /opt/ros/foxy/bin/ament_xmllint --xunit-file /home/phat/testpublicsher/build/testservice/test_results/testservice/xmllint.xunit.xml
<end of output>
Test time =  60.06 sec
----------------------------------------------------------
Test Failed.
"xmllint" end time: Oct 06 10:45 +07
"xmllint" time elapsed: 00:01:00
----------------------------------------------------------

End testing: Oct 06 10:45 +07

copyright =   0.22 sec*proc

cppcheck =   0.25 sec*proc

cpplint =   0.24 sec*proc

lint_cmake =   0.20 sec*proc

linter =  61.20 sec*proc

uncrustify =   0.22 sec*proc

xmllint =  60.06 sec*proc

